<?xml version="1.0" encoding="UTF-8"?>
<!DOCTYPE html PUBLIC "-//W3C//DTD XHTML 1.0 Strict//EN" "http://www.w3.org/TR/xhtml1/DTD/xhtml1-strict.dtd">
<html xmlns="http://www.w3.org/1999/xhtml">
<head>
    <title>接口自动化测试报告</title>
    <meta name="generator" content="HTMLTestRunner 0.8.3"/>
    <meta http-equiv="Content-Type" content="text/html; charset=UTF-8"/>
    
<style type="text/css" media="screen">
body        { font-family: verdana, arial, helvetica, sans-serif; font-size: 80%; }
table       { font-size: 100%; }
pre         { }

/* -- heading ---------------------------------------------------------------------- */
h1 {
	font-size: 16pt;
	color: gray;
}
.heading {
    margin-top: 0ex;
    margin-bottom: 1ex;
}

.heading .attribute {
    margin-top: 1ex;
    margin-bottom: 0;
}

.heading .description {
    margin-top: 4ex;
    margin-bottom: 6ex;
}

/* -- css div popup ------------------------------------------------------------------------ */
a.popup_link {
}

a.popup_link:hover {
    color: red;
}

.popup_window {
    display: none;
    position: relative;
    left: 0px;
    top: 0px;
    /*border: solid #627173 1px; */
    padding: 10px;
    background-color: #E6E6D6;
    font-family: "Lucida Console", "Courier New", Courier, monospace;
    text-align: left;
    font-size: 8pt;
    width: 500px;
}

}
/* -- report ------------------------------------------------------------------------ */
#show_detail_line {
    margin-top: 3ex;
    margin-bottom: 1ex;
}
#result_table {
    width: 80%;
    border-collapse: collapse;
    border: 1px solid #777;
}
#header_row {
    font-weight: bold;
    color: white;
    background-color: #777;
}
#result_table td {
    border: 1px solid #777;
    padding: 2px;
}
#total_row  { font-weight: bold; }
.passClass  { background-color: #6c6; }
.failClass  { background-color: #c60; }
.errorClass { background-color: #c00; }
.passCase   { color: #6c6; }
.failCase   { color: #c60; font-weight: bold; }
.errorCase  { color: #c00; font-weight: bold; }
.hiddenRow  { display: none; }
.testcase   { margin-left: 2em; }


/* -- ending ---------------------------------------------------------------------- */
#ending {
}

</style>

</head>
<body>
<script language="javascript" type="text/javascript"><!--
output_list = Array();

/* level - 0:Summary; 1:Failed; 2:All */
function showCase(level) {
    trs = document.getElementsByTagName("tr");
    for (var i = 0; i < trs.length; i++) {
        tr = trs[i];
        id = tr.id;
        if (id.substr(0,2) == 'ft') {
            if (level < 1) {
                tr.className = 'hiddenRow';
            }
            else {
                tr.className = '';
            }
        }
        if (id.substr(0,2) == 'pt') {
            if (level > 1) {
                tr.className = '';
            }
            else {
                tr.className = 'hiddenRow';
            }
        }
    }
}


function showClassDetail(cid, count) {
    var id_list = Array(count);
    var toHide = 1;
    for (var i = 0; i < count; i++) {
        tid0 = 't' + cid.substr(1) + '.' + (i+1);
        tid = 'f' + tid0;
        tr = document.getElementById(tid);
        if (!tr) {
            tid = 'p' + tid0;
            tr = document.getElementById(tid);
        }
        id_list[i] = tid;
        if (tr.className) {
            toHide = 0;
        }
    }
    for (var i = 0; i < count; i++) {
        tid = id_list[i];
        if (toHide) {
            document.getElementById('div_'+tid).style.display = 'none'
            document.getElementById(tid).className = 'hiddenRow';
        }
        else {
            document.getElementById(tid).className = '';
        }
    }
}


function showTestDetail(div_id){
    var details_div = document.getElementById(div_id)
    var displayState = details_div.style.display
    // alert(displayState)
    if (displayState != 'block' ) {
        displayState = 'block'
        details_div.style.display = 'block'
    }
    else {
        details_div.style.display = 'none'
    }
}


function html_escape(s) {
    s = s.replace(/&/g,'&amp;');
    s = s.replace(/</g,'&lt;');
    s = s.replace(/>/g,'&gt;');
    return s;
}

/* obsoleted by detail in <div>
function showOutput(id, name) {
    var w = window.open("", //url
                    name,
                    "resizable,scrollbars,status,width=800,height=450");
    d = w.document;
    d.write("<pre>");
    d.write(html_escape(output_list[id]));
    d.write("\n");
    d.write("<a href='javascript:window.close()'>close</a>\n");
    d.write("</pre>\n");
    d.close();
}
*/
--></script>

<div class='heading'>
<h1>接口自动化测试报告</h1>
<p class='attribute'><strong>Start Time:</strong> 2018-07-18 15:43:17</p>
<p class='attribute'><strong>Duration:</strong> 0:01:58.564781</p>
<p class='attribute'><strong>Status:</strong> Error 9</p>

<p class='description'>用例执行情况：</p>
</div>



<p id='show_detail_line'>Show
<a href='javascript:showCase(0)'>Summary</a>
<a href='javascript:showCase(1)'>Failed</a>
<a href='javascript:showCase(2)'>All</a>
</p>
<table id='result_table'>
<colgroup>
<col align='left' />
<col align='right' />
<col align='right' />
<col align='right' />
<col align='right' />
<col align='right' />
</colgroup>
<tr id='header_row'>
    <td>Test Group/Test case</td>
    <td>Count</td>
    <td>Pass</td>
    <td>Fail</td>
    <td>Error</td>
    <td>View</td>
</tr>

<tr class='errorClass'>
    <td>Ecshop_test</td>
    <td>4</td>
    <td>0</td>
    <td>0</td>
    <td>4</td>
    <td><a href="javascript:showClassDetail('c1',4)">Detail</a></td>
</tr>

<tr id='ft1.1' class='none'>
    <td class='errorCase'><div class='testcase'>test_lixuejian</div></td>
    <td colspan='5' align='center'>

    <!--css div popup start-->
    <a class="popup_link" onfocus='this.blur();' href="javascript:showTestDetail('div_ft1.1')" >
        error</a>

    <div id='div_ft1.1' class="popup_window">
        <div style='text-align: right; color:red;cursor:pointer'>
        <a onfocus='this.blur();' onclick="document.getElementById('div_ft1.1').style.display = 'none' " >
           [x]</a>
        </div>
        <pre>
        
ft1.1: Traceback (most recent call last):
  File "D:\eclipse-workspace\GROUP5_ECSHOP_AT\Ecshop_test.py", line 33, in test_lixuejian
    Ecshop_test.username,Ecshop_test.pwd,Ecshop_test.email,Ecshop_test.answerdata,Ecshop_test.phonenumber = zuce_test(driver)
  File "D:\eclipse-workspace\GROUP5_ECSHOP_AT\lxj_test\code\zuce_test.py", line 8, in zuce_test
    driver.find_element_by_xpath("//font[@id='ECS_MEMBERZONE']/a[2]/img").click()
  File "C:\Python35\lib\site-packages\selenium-3.7.0-py3.5.egg\selenium\webdriver\remote\webdriver.py", line 365, in find_element_by_xpath
    return self.find_element(by=By.XPATH, value=xpath)
  File "C:\Python35\lib\site-packages\selenium-3.7.0-py3.5.egg\selenium\webdriver\remote\webdriver.py", line 855, in find_element
    'value': value})['value']
  File "C:\Python35\lib\site-packages\selenium-3.7.0-py3.5.egg\selenium\webdriver\remote\webdriver.py", line 308, in execute
    self.error_handler.check_response(response)
  File "C:\Python35\lib\site-packages\selenium-3.7.0-py3.5.egg\selenium\webdriver\remote\errorhandler.py", line 194, in check_response
    raise exception_class(message, screen, stacktrace)
selenium.common.exceptions.WebDriverException: Message: Failed to decode response from marionette

Traceback (most recent call last):
  File "D:\eclipse-workspace\GROUP5_ECSHOP_AT\Ecshop_test.py", line 33, in test_lixuejian
    Ecshop_test.username,Ecshop_test.pwd,Ecshop_test.email,Ecshop_test.answerdata,Ecshop_test.phonenumber = zuce_test(driver)
  File "D:\eclipse-workspace\GROUP5_ECSHOP_AT\lxj_test\code\zuce_test.py", line 8, in zuce_test
    driver.find_element_by_xpath("//font[@id='ECS_MEMBERZONE']/a[2]/img").click()
  File "C:\Python35\lib\site-packages\selenium-3.7.0-py3.5.egg\selenium\webdriver\remote\webdriver.py", line 365, in find_element_by_xpath
    return self.find_element(by=By.XPATH, value=xpath)
  File "C:\Python35\lib\site-packages\selenium-3.7.0-py3.5.egg\selenium\webdriver\remote\webdriver.py", line 855, in find_element
    'value': value})['value']
  File "C:\Python35\lib\site-packages\selenium-3.7.0-py3.5.egg\selenium\webdriver\remote\webdriver.py", line 308, in execute
    self.error_handler.check_response(response)
  File "C:\Python35\lib\site-packages\selenium-3.7.0-py3.5.egg\selenium\webdriver\remote\errorhandler.py", line 194, in check_response
    raise exception_class(message, screen, stacktrace)
selenium.common.exceptions.WebDriverException: Message: Failed to decode response from marionette



        </pre>
    </div>
    <!--css div popup end-->

    </td>
</tr>

<tr id='ft1.2' class='none'>
    <td class='errorCase'><div class='testcase'>test_lixuejian</div></td>
    <td colspan='5' align='center'>

    <!--css div popup start-->
    <a class="popup_link" onfocus='this.blur();' href="javascript:showTestDetail('div_ft1.2')" >
        error</a>

    <div id='div_ft1.2' class="popup_window">
        <div style='text-align: right; color:red;cursor:pointer'>
        <a onfocus='this.blur();' onclick="document.getElementById('div_ft1.2').style.display = 'none' " >
           [x]</a>
        </div>
        <pre>
        
ft1.2: Traceback (most recent call last):
  File "D:\eclipse-workspace\GROUP5_ECSHOP_AT\Ecshop_test.py", line 40, in tearDown
    self.driver.quit()
  File "C:\Python35\lib\site-packages\selenium-3.7.0-py3.5.egg\selenium\webdriver\firefox\webdriver.py", line 183, in quit
    RemoteWebDriver.quit(self)
  File "C:\Python35\lib\site-packages\selenium-3.7.0-py3.5.egg\selenium\webdriver\remote\webdriver.py", line 603, in quit
    self.execute(Command.QUIT)
  File "C:\Python35\lib\site-packages\selenium-3.7.0-py3.5.egg\selenium\webdriver\remote\webdriver.py", line 308, in execute
    self.error_handler.check_response(response)
  File "C:\Python35\lib\site-packages\selenium-3.7.0-py3.5.egg\selenium\webdriver\remote\errorhandler.py", line 194, in check_response
    raise exception_class(message, screen, stacktrace)
selenium.common.exceptions.WebDriverException: Message: Tried to run command without establishing a connection

Traceback (most recent call last):
  File "D:\eclipse-workspace\GROUP5_ECSHOP_AT\Ecshop_test.py", line 40, in tearDown
    self.driver.quit()
  File "C:\Python35\lib\site-packages\selenium-3.7.0-py3.5.egg\selenium\webdriver\firefox\webdriver.py", line 183, in quit
    RemoteWebDriver.quit(self)
  File "C:\Python35\lib\site-packages\selenium-3.7.0-py3.5.egg\selenium\webdriver\remote\webdriver.py", line 603, in quit
    self.execute(Command.QUIT)
  File "C:\Python35\lib\site-packages\selenium-3.7.0-py3.5.egg\selenium\webdriver\remote\webdriver.py", line 308, in execute
    self.error_handler.check_response(response)
  File "C:\Python35\lib\site-packages\selenium-3.7.0-py3.5.egg\selenium\webdriver\remote\errorhandler.py", line 194, in check_response
    raise exception_class(message, screen, stacktrace)
selenium.common.exceptions.WebDriverException: Message: Tried to run command without establishing a connection



        </pre>
    </div>
    <!--css div popup end-->

    </td>
</tr>

<tr id='ft1.3' class='none'>
    <td class='errorCase'><div class='testcase'>test_lixuejian2</div></td>
    <td colspan='5' align='center'>

    <!--css div popup start-->
    <a class="popup_link" onfocus='this.blur();' href="javascript:showTestDetail('div_ft1.3')" >
        error</a>

    <div id='div_ft1.3' class="popup_window">
        <div style='text-align: right; color:red;cursor:pointer'>
        <a onfocus='this.blur();' onclick="document.getElementById('div_ft1.3').style.display = 'none' " >
           [x]</a>
        </div>
        <pre>
        
ft1.3: Traceback (most recent call last):
  File "D:\eclipse-workspace\GROUP5_ECSHOP_AT\Ecshop_test.py", line 38, in test_lixuejian2
    denglu_test(driver, Ecshop_test.username, Ecshop_test.pwd, Ecshop_test.email,Ecshop_test.answerdata)
  File "D:\eclipse-workspace\GROUP5_ECSHOP_AT\lxj_test\code\denglu_test.py", line 6, in denglu_test
    driver.find_element_by_xpath("//font[@id='ECS_MEMBERZONE']/a[1]").click()
  File "C:\Python35\lib\site-packages\selenium-3.7.0-py3.5.egg\selenium\webdriver\remote\webdriver.py", line 365, in find_element_by_xpath
    return self.find_element(by=By.XPATH, value=xpath)
  File "C:\Python35\lib\site-packages\selenium-3.7.0-py3.5.egg\selenium\webdriver\remote\webdriver.py", line 855, in find_element
    'value': value})['value']
  File "C:\Python35\lib\site-packages\selenium-3.7.0-py3.5.egg\selenium\webdriver\remote\webdriver.py", line 308, in execute
    self.error_handler.check_response(response)
  File "C:\Python35\lib\site-packages\selenium-3.7.0-py3.5.egg\selenium\webdriver\remote\errorhandler.py", line 194, in check_response
    raise exception_class(message, screen, stacktrace)
selenium.common.exceptions.WebDriverException: Message: Failed to decode response from marionette

Traceback (most recent call last):
  File "D:\eclipse-workspace\GROUP5_ECSHOP_AT\Ecshop_test.py", line 38, in test_lixuejian2
    denglu_test(driver, Ecshop_test.username, Ecshop_test.pwd, Ecshop_test.email,Ecshop_test.answerdata)
  File "D:\eclipse-workspace\GROUP5_ECSHOP_AT\lxj_test\code\denglu_test.py", line 6, in denglu_test
    driver.find_element_by_xpath("//font[@id='ECS_MEMBERZONE']/a[1]").click()
  File "C:\Python35\lib\site-packages\selenium-3.7.0-py3.5.egg\selenium\webdriver\remote\webdriver.py", line 365, in find_element_by_xpath
    return self.find_element(by=By.XPATH, value=xpath)
  File "C:\Python35\lib\site-packages\selenium-3.7.0-py3.5.egg\selenium\webdriver\remote\webdriver.py", line 855, in find_element
    'value': value})['value']
  File "C:\Python35\lib\site-packages\selenium-3.7.0-py3.5.egg\selenium\webdriver\remote\webdriver.py", line 308, in execute
    self.error_handler.check_response(response)
  File "C:\Python35\lib\site-packages\selenium-3.7.0-py3.5.egg\selenium\webdriver\remote\errorhandler.py", line 194, in check_response
    raise exception_class(message, screen, stacktrace)
selenium.common.exceptions.WebDriverException: Message: Failed to decode response from marionette



        </pre>
    </div>
    <!--css div popup end-->

    </td>
</tr>

<tr id='ft1.4' class='none'>
    <td class='errorCase'><div class='testcase'>test_lixuejian2</div></td>
    <td colspan='5' align='center'>

    <!--css div popup start-->
    <a class="popup_link" onfocus='this.blur();' href="javascript:showTestDetail('div_ft1.4')" >
        error</a>

    <div id='div_ft1.4' class="popup_window">
        <div style='text-align: right; color:red;cursor:pointer'>
        <a onfocus='this.blur();' onclick="document.getElementById('div_ft1.4').style.display = 'none' " >
           [x]</a>
        </div>
        <pre>
        
ft1.4: Traceback (most recent call last):
  File "D:\eclipse-workspace\GROUP5_ECSHOP_AT\Ecshop_test.py", line 40, in tearDown
    self.driver.quit()
  File "C:\Python35\lib\site-packages\selenium-3.7.0-py3.5.egg\selenium\webdriver\firefox\webdriver.py", line 183, in quit
    RemoteWebDriver.quit(self)
  File "C:\Python35\lib\site-packages\selenium-3.7.0-py3.5.egg\selenium\webdriver\remote\webdriver.py", line 603, in quit
    self.execute(Command.QUIT)
  File "C:\Python35\lib\site-packages\selenium-3.7.0-py3.5.egg\selenium\webdriver\remote\webdriver.py", line 308, in execute
    self.error_handler.check_response(response)
  File "C:\Python35\lib\site-packages\selenium-3.7.0-py3.5.egg\selenium\webdriver\remote\errorhandler.py", line 194, in check_response
    raise exception_class(message, screen, stacktrace)
selenium.common.exceptions.WebDriverException: Message: Tried to run command without establishing a connection

Traceback (most recent call last):
  File "D:\eclipse-workspace\GROUP5_ECSHOP_AT\Ecshop_test.py", line 40, in tearDown
    self.driver.quit()
  File "C:\Python35\lib\site-packages\selenium-3.7.0-py3.5.egg\selenium\webdriver\firefox\webdriver.py", line 183, in quit
    RemoteWebDriver.quit(self)
  File "C:\Python35\lib\site-packages\selenium-3.7.0-py3.5.egg\selenium\webdriver\remote\webdriver.py", line 603, in quit
    self.execute(Command.QUIT)
  File "C:\Python35\lib\site-packages\selenium-3.7.0-py3.5.egg\selenium\webdriver\remote\webdriver.py", line 308, in execute
    self.error_handler.check_response(response)
  File "C:\Python35\lib\site-packages\selenium-3.7.0-py3.5.egg\selenium\webdriver\remote\errorhandler.py", line 194, in check_response
    raise exception_class(message, screen, stacktrace)
selenium.common.exceptions.WebDriverException: Message: Tried to run command without establishing a connection



        </pre>
    </div>
    <!--css div popup end-->

    </td>
</tr>

<tr class='errorClass'>
    <td>wlj_test.place_order.Ecshop</td>
    <td>1</td>
    <td>0</td>
    <td>0</td>
    <td>1</td>
    <td><a href="javascript:showClassDetail('c2',1)">Detail</a></td>
</tr>

<tr id='ft2.1' class='none'>
    <td class='errorCase'><div class='testcase'>testplace_orders</div></td>
    <td colspan='5' align='center'>

    <!--css div popup start-->
    <a class="popup_link" onfocus='this.blur();' href="javascript:showTestDetail('div_ft2.1')" >
        error</a>

    <div id='div_ft2.1' class="popup_window">
        <div style='text-align: right; color:red;cursor:pointer'>
        <a onfocus='this.blur();' onclick="document.getElementById('div_ft2.1').style.display = 'none' " >
           [x]</a>
        </div>
        <pre>
        
ft2.1: Traceback (most recent call last):
  File "D:\eclipse-workspace\GROUP5_ECSHOP_AT\wlj_test\place_order.py", line 20, in testplace_orders
    logining(driver,'http://172.31.25.125/','AE86','123456')
  File "D:\eclipse-workspace\GROUP5_ECSHOP_AT\wlj_test\logining.py", line 5, in logining
    driver.get(base_url)
  File "C:\Python35\lib\site-packages\selenium-3.7.0-py3.5.egg\selenium\webdriver\remote\webdriver.py", line 320, in get
    self.execute(Command.GET, {'url': url})
  File "C:\Python35\lib\site-packages\selenium-3.7.0-py3.5.egg\selenium\webdriver\remote\webdriver.py", line 308, in execute
    self.error_handler.check_response(response)
  File "C:\Python35\lib\site-packages\selenium-3.7.0-py3.5.egg\selenium\webdriver\remote\errorhandler.py", line 194, in check_response
    raise exception_class(message, screen, stacktrace)
selenium.common.exceptions.WebDriverException: Message: Reached error page: about:neterror?e=netTimeout&amp;u=http%3A//172.31.25.125/&amp;c=UTF-8&amp;f=regular&amp;d=172.31.25.125%20%E7%9A%84%E6%9C%8D%E5%8A%A1%E5%99%A8%E5%93%8D%E5%BA%94%E6%97%B6%E9%97%B4%E8%BF%87%E9%95%BF%E3%80%82

Traceback (most recent call last):
  File "D:\eclipse-workspace\GROUP5_ECSHOP_AT\wlj_test\place_order.py", line 20, in testplace_orders
    logining(driver,'http://172.31.25.125/','AE86','123456')
  File "D:\eclipse-workspace\GROUP5_ECSHOP_AT\wlj_test\logining.py", line 5, in logining
    driver.get(base_url)
  File "C:\Python35\lib\site-packages\selenium-3.7.0-py3.5.egg\selenium\webdriver\remote\webdriver.py", line 320, in get
    self.execute(Command.GET, {'url': url})
  File "C:\Python35\lib\site-packages\selenium-3.7.0-py3.5.egg\selenium\webdriver\remote\webdriver.py", line 308, in execute
    self.error_handler.check_response(response)
  File "C:\Python35\lib\site-packages\selenium-3.7.0-py3.5.egg\selenium\webdriver\remote\errorhandler.py", line 194, in check_response
    raise exception_class(message, screen, stacktrace)
selenium.common.exceptions.WebDriverException: Message: Reached error page: about:neterror?e=netTimeout&amp;u=http%3A//172.31.25.125/&amp;c=UTF-8&amp;f=regular&amp;d=172.31.25.125%20%E7%9A%84%E6%9C%8D%E5%8A%A1%E5%99%A8%E5%93%8D%E5%BA%94%E6%97%B6%E9%97%B4%E8%BF%87%E9%95%BF%E3%80%82



        </pre>
    </div>
    <!--css div popup end-->

    </td>
</tr>

<tr class='errorClass'>
    <td>jn_test.addgoods.goods</td>
    <td>1</td>
    <td>0</td>
    <td>0</td>
    <td>1</td>
    <td><a href="javascript:showClassDetail('c3',1)">Detail</a></td>
</tr>

<tr id='ft3.1' class='none'>
    <td class='errorCase'><div class='testcase'>test_goods</div></td>
    <td colspan='5' align='center'>

    <!--css div popup start-->
    <a class="popup_link" onfocus='this.blur();' href="javascript:showTestDetail('div_ft3.1')" >
        error</a>

    <div id='div_ft3.1' class="popup_window">
        <div style='text-align: right; color:red;cursor:pointer'>
        <a onfocus='this.blur();' onclick="document.getElementById('div_ft3.1').style.display = 'none' " >
           [x]</a>
        </div>
        <pre>
        
ft3.1: Traceback (most recent call last):
  File "D:\eclipse-workspace\GROUP5_ECSHOP_AT\jn_test\addgoods.py", line 16, in test_goods
    driver.get(self.url)
  File "C:\Python35\lib\site-packages\selenium-3.7.0-py3.5.egg\selenium\webdriver\remote\webdriver.py", line 320, in get
    self.execute(Command.GET, {'url': url})
  File "C:\Python35\lib\site-packages\selenium-3.7.0-py3.5.egg\selenium\webdriver\remote\webdriver.py", line 308, in execute
    self.error_handler.check_response(response)
  File "C:\Python35\lib\site-packages\selenium-3.7.0-py3.5.egg\selenium\webdriver\remote\errorhandler.py", line 194, in check_response
    raise exception_class(message, screen, stacktrace)
selenium.common.exceptions.WebDriverException: Message: Reached error page: about:neterror?e=netTimeout&amp;u=http%3A//172.31.25.125/admin/&amp;c=UTF-8&amp;f=regular&amp;d=172.31.25.125%20%E7%9A%84%E6%9C%8D%E5%8A%A1%E5%99%A8%E5%93%8D%E5%BA%94%E6%97%B6%E9%97%B4%E8%BF%87%E9%95%BF%E3%80%82

Traceback (most recent call last):
  File "D:\eclipse-workspace\GROUP5_ECSHOP_AT\jn_test\addgoods.py", line 16, in test_goods
    driver.get(self.url)
  File "C:\Python35\lib\site-packages\selenium-3.7.0-py3.5.egg\selenium\webdriver\remote\webdriver.py", line 320, in get
    self.execute(Command.GET, {'url': url})
  File "C:\Python35\lib\site-packages\selenium-3.7.0-py3.5.egg\selenium\webdriver\remote\webdriver.py", line 308, in execute
    self.error_handler.check_response(response)
  File "C:\Python35\lib\site-packages\selenium-3.7.0-py3.5.egg\selenium\webdriver\remote\errorhandler.py", line 194, in check_response
    raise exception_class(message, screen, stacktrace)
selenium.common.exceptions.WebDriverException: Message: Reached error page: about:neterror?e=netTimeout&amp;u=http%3A//172.31.25.125/admin/&amp;c=UTF-8&amp;f=regular&amp;d=172.31.25.125%20%E7%9A%84%E6%9C%8D%E5%8A%A1%E5%99%A8%E5%93%8D%E5%BA%94%E6%97%B6%E9%97%B4%E8%BF%87%E9%95%BF%E3%80%82



        </pre>
    </div>
    <!--css div popup end-->

    </td>
</tr>

<tr class='errorClass'>
    <td>wyl_test.pl.test</td>
    <td>1</td>
    <td>0</td>
    <td>0</td>
    <td>1</td>
    <td><a href="javascript:showClassDetail('c4',1)">Detail</a></td>
</tr>

<tr id='ft4.1' class='none'>
    <td class='errorCase'><div class='testcase'>test</div></td>
    <td colspan='5' align='center'>

    <!--css div popup start-->
    <a class="popup_link" onfocus='this.blur();' href="javascript:showTestDetail('div_ft4.1')" >
        error</a>

    <div id='div_ft4.1' class="popup_window">
        <div style='text-align: right; color:red;cursor:pointer'>
        <a onfocus='this.blur();' onclick="document.getElementById('div_ft4.1').style.display = 'none' " >
           [x]</a>
        </div>
        <pre>
        
ft4.1: Traceback (most recent call last):
  File "D:\eclipse-workspace\GROUP5_ECSHOP_AT\wyl_test\pl.py", line 31, in test
    driver.get(self.base_url_1)
  File "C:\Python35\lib\site-packages\selenium-3.7.0-py3.5.egg\selenium\webdriver\remote\webdriver.py", line 320, in get
    self.execute(Command.GET, {'url': url})
  File "C:\Python35\lib\site-packages\selenium-3.7.0-py3.5.egg\selenium\webdriver\remote\webdriver.py", line 308, in execute
    self.error_handler.check_response(response)
  File "C:\Python35\lib\site-packages\selenium-3.7.0-py3.5.egg\selenium\webdriver\remote\errorhandler.py", line 194, in check_response
    raise exception_class(message, screen, stacktrace)
selenium.common.exceptions.TimeoutException: Message: Timeout loading page after 20000ms

Traceback (most recent call last):
  File "D:\eclipse-workspace\GROUP5_ECSHOP_AT\wyl_test\pl.py", line 31, in test
    driver.get(self.base_url_1)
  File "C:\Python35\lib\site-packages\selenium-3.7.0-py3.5.egg\selenium\webdriver\remote\webdriver.py", line 320, in get
    self.execute(Command.GET, {'url': url})
  File "C:\Python35\lib\site-packages\selenium-3.7.0-py3.5.egg\selenium\webdriver\remote\webdriver.py", line 308, in execute
    self.error_handler.check_response(response)
  File "C:\Python35\lib\site-packages\selenium-3.7.0-py3.5.egg\selenium\webdriver\remote\errorhandler.py", line 194, in check_response
    raise exception_class(message, screen, stacktrace)
selenium.common.exceptions.TimeoutException: Message: Timeout loading page after 20000ms



        </pre>
    </div>
    <!--css div popup end-->

    </td>
</tr>

<tr class='errorClass'>
    <td>sl_test.ECSHOP_MAIN.ECHOP_MAIN</td>
    <td>2</td>
    <td>0</td>
    <td>0</td>
    <td>2</td>
    <td><a href="javascript:showClassDetail('c5',2)">Detail</a></td>
</tr>

<tr id='ft5.1' class='none'>
    <td class='errorCase'><div class='testcase'>test_main</div></td>
    <td colspan='5' align='center'>

    <!--css div popup start-->
    <a class="popup_link" onfocus='this.blur();' href="javascript:showTestDetail('div_ft5.1')" >
        error</a>

    <div id='div_ft5.1' class="popup_window">
        <div style='text-align: right; color:red;cursor:pointer'>
        <a onfocus='this.blur();' onclick="document.getElementById('div_ft5.1').style.display = 'none' " >
           [x]</a>
        </div>
        <pre>
        
ft5.1: Traceback (most recent call last):
  File "D:\eclipse-workspace\GROUP5_ECSHOP_AT\sl_test\ECSHOP_MAIN.py", line 35, in test_main
    driver.execute_script(front_page)
  File "C:\Python35\lib\site-packages\selenium-3.7.0-py3.5.egg\selenium\webdriver\remote\webdriver.py", line 543, in execute_script
    'args': converted_args})['value']
  File "C:\Python35\lib\site-packages\selenium-3.7.0-py3.5.egg\selenium\webdriver\remote\webdriver.py", line 308, in execute
    self.error_handler.check_response(response)
  File "C:\Python35\lib\site-packages\selenium-3.7.0-py3.5.egg\selenium\webdriver\remote\errorhandler.py", line 194, in check_response
    raise exception_class(message, screen, stacktrace)
selenium.common.exceptions.WebDriverException: Message: Failed to decode response from marionette

Traceback (most recent call last):
  File "D:\eclipse-workspace\GROUP5_ECSHOP_AT\sl_test\ECSHOP_MAIN.py", line 35, in test_main
    driver.execute_script(front_page)
  File "C:\Python35\lib\site-packages\selenium-3.7.0-py3.5.egg\selenium\webdriver\remote\webdriver.py", line 543, in execute_script
    'args': converted_args})['value']
  File "C:\Python35\lib\site-packages\selenium-3.7.0-py3.5.egg\selenium\webdriver\remote\webdriver.py", line 308, in execute
    self.error_handler.check_response(response)
  File "C:\Python35\lib\site-packages\selenium-3.7.0-py3.5.egg\selenium\webdriver\remote\errorhandler.py", line 194, in check_response
    raise exception_class(message, screen, stacktrace)
selenium.common.exceptions.WebDriverException: Message: Failed to decode response from marionette



        </pre>
    </div>
    <!--css div popup end-->

    </td>
</tr>

<tr id='ft5.2' class='none'>
    <td class='errorCase'><div class='testcase'>test_main</div></td>
    <td colspan='5' align='center'>

    <!--css div popup start-->
    <a class="popup_link" onfocus='this.blur();' href="javascript:showTestDetail('div_ft5.2')" >
        error</a>

    <div id='div_ft5.2' class="popup_window">
        <div style='text-align: right; color:red;cursor:pointer'>
        <a onfocus='this.blur();' onclick="document.getElementById('div_ft5.2').style.display = 'none' " >
           [x]</a>
        </div>
        <pre>
        
ft5.2: Traceback (most recent call last):
  File "D:\eclipse-workspace\GROUP5_ECSHOP_AT\sl_test\ECSHOP_MAIN.py", line 52, in tearDown
    self.driver.quit()
  File "C:\Python35\lib\site-packages\selenium-3.7.0-py3.5.egg\selenium\webdriver\firefox\webdriver.py", line 183, in quit
    RemoteWebDriver.quit(self)
  File "C:\Python35\lib\site-packages\selenium-3.7.0-py3.5.egg\selenium\webdriver\remote\webdriver.py", line 603, in quit
    self.execute(Command.QUIT)
  File "C:\Python35\lib\site-packages\selenium-3.7.0-py3.5.egg\selenium\webdriver\remote\webdriver.py", line 308, in execute
    self.error_handler.check_response(response)
  File "C:\Python35\lib\site-packages\selenium-3.7.0-py3.5.egg\selenium\webdriver\remote\errorhandler.py", line 194, in check_response
    raise exception_class(message, screen, stacktrace)
selenium.common.exceptions.WebDriverException: Message: Tried to run command without establishing a connection

Traceback (most recent call last):
  File "D:\eclipse-workspace\GROUP5_ECSHOP_AT\sl_test\ECSHOP_MAIN.py", line 52, in tearDown
    self.driver.quit()
  File "C:\Python35\lib\site-packages\selenium-3.7.0-py3.5.egg\selenium\webdriver\firefox\webdriver.py", line 183, in quit
    RemoteWebDriver.quit(self)
  File "C:\Python35\lib\site-packages\selenium-3.7.0-py3.5.egg\selenium\webdriver\remote\webdriver.py", line 603, in quit
    self.execute(Command.QUIT)
  File "C:\Python35\lib\site-packages\selenium-3.7.0-py3.5.egg\selenium\webdriver\remote\webdriver.py", line 308, in execute
    self.error_handler.check_response(response)
  File "C:\Python35\lib\site-packages\selenium-3.7.0-py3.5.egg\selenium\webdriver\remote\errorhandler.py", line 194, in check_response
    raise exception_class(message, screen, stacktrace)
selenium.common.exceptions.WebDriverException: Message: Tried to run command without establishing a connection



        </pre>
    </div>
    <!--css div popup end-->

    </td>
</tr>

<tr id='total_row'>
    <td>Total</td>
    <td>9</td>
    <td>0</td>
    <td>0</td>
    <td>9</td>
    <td>&nbsp;</td>
</tr>
</table>

<div id='ending'>&nbsp;</div>

</body>
</html>
